{
  "RSpec": {
    "coverage": {
      "/Users/apprentice/Desktop/Ye_Olde_Online_Shoppe_EggJonYe/online_shoppe_jon_gregg/spec/controllers/categories_controller_spec.rb": [
        1,
        1,
        3,
        2,
        null,
        1,
        1,
        1,
        2,
        2,
        null,
        1,
        1,
        null,
        1,
        1,
        null,
        null,
        null,
        null,
        null,
        1,
        2,
        1,
        1,
        1,
        null,
        null,
        null,
        1,
        2,
        1,
        1,
        1,
        null,
        null,
        null,
        1,
        null,
        null,
        null,
        null,
        null,
        null,
        1,
        1,
        1,
        null,
        null,
        null,
        null
      ],
      "/Users/apprentice/Desktop/Ye_Olde_Online_Shoppe_EggJonYe/online_shoppe_jon_gregg/spec/rails_helper.rb": [
        null,
        1,
        1,
        1,
        1,
        1,
        null,
        null,
        null,
        null,
        null,
        null,
        null,
        1,
        null,
        null,
        null,
        1,
        null,
        1,
        null,
        1,
        null,
        1,
        null,
        null,
        null,
        null,
        1,
        null,
        null,
        null,
        null,
        null,
        null,
        null,
        null,
        null,
        null,
        null,
        null,
        null,
        1,
        null,
        1,
        1,
        null,
        null,
        1,
        5,
        null,
        null,
        1,
        0,
        null,
        null,
        1,
        5,
        null,
        null,
        1,
        5,
        null,
        null,
        null,
        null
      ],
      "/Users/apprentice/Desktop/Ye_Olde_Online_Shoppe_EggJonYe/online_shoppe_jon_gregg/config/environment.rb": [
        null,
        1,
        null,
        null,
        1
      ],
      "/Users/apprentice/Desktop/Ye_Olde_Online_Shoppe_EggJonYe/online_shoppe_jon_gregg/config/application.rb": [
        1,
        null,
        1,
        null,
        null,
        null,
        1,
        null,
        1,
        1,
        null,
        null,
        null,
        null,
        null,
        null,
        null,
        null,
        null,
        null,
        null,
        null,
        null,
        1,
        null,
        null
      ],
      "/Users/apprentice/Desktop/Ye_Olde_Online_Shoppe_EggJonYe/online_shoppe_jon_gregg/config/boot.rb": [
        1,
        null,
        1
      ],
      "/Users/apprentice/Desktop/Ye_Olde_Online_Shoppe_EggJonYe/online_shoppe_jon_gregg/config/environments/test.rb": [
        1,
        null,
        null,
        null,
        null,
        null,
        null,
        1,
        null,
        null,
        null,
        null,
        1,
        null,
        null,
        1,
        1,
        null,
        null,
        1,
        1,
        null,
        null,
        1,
        null,
        null,
        1,
        null,
        null,
        null,
        null,
        1,
        null,
        null,
        1,
        null,
        null,
        1,
        null,
        null,
        null,
        null
      ],
      "/Users/apprentice/Desktop/Ye_Olde_Online_Shoppe_EggJonYe/online_shoppe_jon_gregg/config/initializers/assets.rb": [
        null,
        null,
        null,
        1,
        null,
        null,
        null,
        null,
        null,
        null,
        null
      ],
      "/Users/apprentice/Desktop/Ye_Olde_Online_Shoppe_EggJonYe/online_shoppe_jon_gregg/config/initializers/backtrace_silencers.rb": [
        null,
        null,
        null,
        null,
        null,
        null,
        null
      ],
      "/Users/apprentice/Desktop/Ye_Olde_Online_Shoppe_EggJonYe/online_shoppe_jon_gregg/config/initializers/cookies_serializer.rb": [
        null,
        null,
        1
      ],
      "/Users/apprentice/Desktop/Ye_Olde_Online_Shoppe_EggJonYe/online_shoppe_jon_gregg/config/initializers/filter_parameter_logging.rb": [
        null,
        null,
        null,
        1
      ],
      "/Users/apprentice/Desktop/Ye_Olde_Online_Shoppe_EggJonYe/online_shoppe_jon_gregg/config/initializers/inflections.rb": [
        null,
        null,
        null,
        null,
        null,
        null,
        null,
        null,
        null,
        null,
        null,
        null,
        null,
        null,
        null,
        null
      ],
      "/Users/apprentice/Desktop/Ye_Olde_Online_Shoppe_EggJonYe/online_shoppe_jon_gregg/config/initializers/mime_types.rb": [
        null,
        null,
        null,
        null
      ],
      "/Users/apprentice/Desktop/Ye_Olde_Online_Shoppe_EggJonYe/online_shoppe_jon_gregg/config/initializers/session_store.rb": [
        null,
        null,
        1
      ],
      "/Users/apprentice/Desktop/Ye_Olde_Online_Shoppe_EggJonYe/online_shoppe_jon_gregg/config/initializers/wrap_parameters.rb": [
        null,
        null,
        null,
        null,
        null,
        null,
        1,
        1,
        null,
        null,
        null,
        null,
        null,
        null
      ],
      "/Users/apprentice/Desktop/Ye_Olde_Online_Shoppe_EggJonYe/online_shoppe_jon_gregg/spec/factories.rb": [
        1,
        1,
        1,
        1,
        1,
        1,
        1,
        null,
        null,
        1,
        2,
        null,
        null,
        null
      ],
      "/Users/apprentice/Desktop/Ye_Olde_Online_Shoppe_EggJonYe/online_shoppe_jon_gregg/spec/factories/categories.rb": [
        null
      ],
      "/Users/apprentice/Desktop/Ye_Olde_Online_Shoppe_EggJonYe/online_shoppe_jon_gregg/config/routes.rb": [
        1,
        null,
        null,
        null,
        null,
        1,
        null,
        1,
        1,
        1,
        1,
        1,
        1,
        null,
        null,
        null,
        null,
        null,
        null,
        null,
        null,
        null,
        null,
        null,
        null,
        null,
        null,
        null,
        null,
        null,
        null,
        null,
        null,
        null,
        null,
        null,
        null,
        null,
        null,
        null,
        null,
        null,
        null,
        null,
        null,
        null,
        null,
        null,
        null,
        null,
        null,
        null,
        null,
        null,
        null,
        null,
        null,
        null,
        null,
        null,
        null,
        null,
        null,
        null,
        null,
        null,
        null,
        null
      ],
      "/Users/apprentice/Desktop/Ye_Olde_Online_Shoppe_EggJonYe/online_shoppe_jon_gregg/app/helpers/application_helper.rb": [
        1,
        null
      ],
      "/Users/apprentice/Desktop/Ye_Olde_Online_Shoppe_EggJonYe/online_shoppe_jon_gregg/app/helpers/items_helper.rb": [
        1,
        null
      ],
      "/Users/apprentice/Desktop/Ye_Olde_Online_Shoppe_EggJonYe/online_shoppe_jon_gregg/app/controllers/categories_controller.rb": [
        1,
        null,
        1,
        null,
        1,
        2,
        null,
        null,
        1,
        0,
        null,
        null,
        1,
        0,
        null,
        0,
        0,
        null,
        0,
        null,
        null,
        null,
        1,
        0,
        null,
        null,
        1,
        0,
        null,
        0,
        0,
        null,
        0,
        null,
        null,
        null,
        1,
        0,
        0,
        null,
        0,
        null,
        null,
        1,
        1,
        0,
        null,
        null,
        null,
        null
      ],
      "/Users/apprentice/Desktop/Ye_Olde_Online_Shoppe_EggJonYe/online_shoppe_jon_gregg/app/controllers/application_controller.rb": [
        1,
        null,
        null,
        1,
        null,
        1,
        7,
        null,
        1,
        null,
        1,
        5,
        null,
        null,
        1,
        0,
        null,
        1,
        null,
        null
      ],
      "/Users/apprentice/Desktop/Ye_Olde_Online_Shoppe_EggJonYe/online_shoppe_jon_gregg/app/models/user.rb": [
        1,
        1,
        null,
        1,
        1,
        1,
        1,
        null,
        1,
        1,
        1,
        null,
        null
      ],
      "/Users/apprentice/Desktop/Ye_Olde_Online_Shoppe_EggJonYe/online_shoppe_jon_gregg/app/models/category.rb": [
        1,
        1,
        null,
        1,
        null
      ]
    },
    "timestamp": 1453343098
  }
}
